0 info it worked if it ends with ok
1 verbose cli [ 'C:\\Program Files\\nodejs\\node.exe',
1 verbose cli   'C:\\Program Files\\nodejs\\node_modules\\npm\\bin\\npm-cli.js',
1 verbose cli   'run',
1 verbose cli   'commit' ]
2 info using npm@3.3.12
3 info using node@v5.5.0
4 verbose run-script [ 'precommit', 'commit', 'postcommit' ]
5 info lifecycle portfolio@0.0.1~precommit: portfolio@0.0.1
6 silly lifecycle portfolio@0.0.1~precommit: no script for precommit, continuing
7 info lifecycle portfolio@0.0.1~commit: portfolio@0.0.1
8 verbose lifecycle portfolio@0.0.1~commit: unsafe-perm in lifecycle true
9 verbose lifecycle portfolio@0.0.1~commit: PATH: C:\Program Files\nodejs\node_modules\npm\bin\node-gyp-bin;D:\Sites\portfolio\node_modules\.bin;C:\Users\Will\AppData\Local\GitHub\PortableGit_25d850739bc178b2eb13c3e2a9faafea2f9143c0\cmd;C:\Users\Will\AppData\Local\GitHub\PortableGit_25d850739bc178b2eb13c3e2a9faafea2f9143c0\usr\bin;C:\Users\Will\AppData\Local\GitHub\PortableGit_25d850739bc178b2eb13c3e2a9faafea2f9143c0\usr\share\git-tfs;C:\Users\Will\AppData\Local\Apps\2.0\8BW6EHP9.19X\8CA5V1YK.79W\gith..tion_317444273a93ac29_0003.0000_c74cce3a838f9354;C:\Users\Will\AppData\Local\GitHub\lfs-amd64_1.1.0;C:\WINDOWS\Microsoft.NET\Framework\v4.0.30319;C:\Program Files (x86)\Razer Chroma SDK\bin;C:\Program Files\Razer Chroma SDK\bin;C:\Program Files (x86)\Intel\iCLS Client\;C:\Program Files\Intel\iCLS Client\;C:\WINDOWS\system32;C:\WINDOWS;C:\WINDOWS\System32\Wbem;C:\WINDOWS\System32\WindowsPowerShell\v1.0\;C:\Program Files\Intel\Intel(R) Management Engine Components\DAL;C:\Program Files\Intel\Intel(R) Management Engine Components\IPT;C:\Program Files (x86)\Intel\Intel(R) Management Engine Components\DAL;C:\Program Files (x86)\Intel\Intel(R) Management Engine Components\IPT;C:\Program Files\OpenVPN\bin;C:\Program Files (x86)\NVIDIA Corporation\PhysX\Common;C:\WINDOWS\system32;C:\WINDOWS;C:\WINDOWS\System32\Wbem;C:\WINDOWS\System32\WindowsPowerShell\v1.0\;C:\Users\Will\AppData\Local\atom\bin;C:\Users\Will\AppData\Roaming\npm;C:\Program Files (x86)\Microsoft VS Code\bin;C:\Program Files (x86)\Brackets\command;C:\Program Files\nodejs\;C:\Program Files\Git\cmd;C:\Program Files\Git\mingw64\bin;C:\Program Files\Git\usr\bin;C:\Users\Will\AppData\Local\atom\bin;C:\Program Files (x86)\Microsoft VS Code\bin;C:\Users\Will\AppData\Roaming\npm
10 verbose lifecycle portfolio@0.0.1~commit: CWD: D:\Sites\portfolio
11 silly lifecycle portfolio@0.0.1~commit: Args: [ '/d /s /c', 'webpack && git add -A && git commit -a' ]
12 silly lifecycle portfolio@0.0.1~commit: Returned: code: 1  signal: null
13 info lifecycle portfolio@0.0.1~commit: Failed to exec commit script
14 verbose stack Error: portfolio@0.0.1 commit: `webpack && git add -A && git commit -a`
14 verbose stack Exit status 1
14 verbose stack     at EventEmitter.<anonymous> (C:\Program Files\nodejs\node_modules\npm\lib\utils\lifecycle.js:232:16)
14 verbose stack     at emitTwo (events.js:100:13)
14 verbose stack     at EventEmitter.emit (events.js:185:7)
14 verbose stack     at ChildProcess.<anonymous> (C:\Program Files\nodejs\node_modules\npm\lib\utils\spawn.js:24:14)
14 verbose stack     at emitTwo (events.js:100:13)
14 verbose stack     at ChildProcess.emit (events.js:185:7)
14 verbose stack     at maybeClose (internal/child_process.js:821:16)
14 verbose stack     at Process.ChildProcess._handle.onexit (internal/child_process.js:211:5)
15 verbose pkgid portfolio@0.0.1
16 verbose cwd D:\Sites\portfolio
17 error Windows_NT 10.0.10586
18 error argv "C:\\Program Files\\nodejs\\node.exe" "C:\\Program Files\\nodejs\\node_modules\\npm\\bin\\npm-cli.js" "run" "commit"
19 error node v5.5.0
20 error npm  v3.3.12
21 error code ELIFECYCLE
22 error portfolio@0.0.1 commit: `webpack && git add -A && git commit -a`
22 error Exit status 1
23 error Failed at the portfolio@0.0.1 commit script 'webpack && git add -A && git commit -a'.
23 error Make sure you have the latest version of node.js and npm installed.
23 error If you do, this is most likely a problem with the portfolio package,
23 error not with npm itself.
23 error Tell the author that this fails on your system:
23 error     webpack && git add -A && git commit -a
23 error You can get their info via:
23 error     npm owner ls portfolio
23 error There is likely additional logging output above.
24 verbose exit [ 1, true ]
